<?xml version="1.0" encoding="UTF-8"?>
<testng-results ignored="0" total="1" passed="1" failed="0" skipped="0">
  <reporter-output>
  </reporter-output>
  <suite started-at="2023-10-09T23:53:32 EAT" name="Default suite" finished-at="2023-10-09T23:56:27 EAT" duration-ms="174985">
    <groups>
    </groups>
    <test started-at="2023-10-09T23:53:32 EAT" name="Default test" finished-at="2023-10-09T23:56:27 EAT" duration-ms="174985">
      <class name="com.base.BaseClass">
        <test-method signature="setUp()[pri:0, instance:com.base.BaseClass@4a883b15]" started-at="2023-10-09T23:53:32 EAT" name="setUp" finished-at="2023-10-09T23:56:27 EAT" duration-ms="174524" status="PASS">
          <reporter-output>
          </reporter-output>
        </test-method> <!-- setUp -->
      </class> <!-- com.base.BaseClass -->
    </test> <!-- Default test -->
  </suite> <!-- Default suite -->
</testng-results>
